This file contains any messages produced by compilers while
running configure, to aid debugging if configure makes a mistake.

configure:731: checking for a BSD compatible install
configure:784: checking whether build environment is sane
configure:841: checking whether make sets ${MAKE}
configure:887: checking for working aclocal
configure:900: checking for working autoconf
configure:913: checking for working automake
configure:926: checking for working autoheader
configure:939: checking for working makeinfo
configure:966: checking for gcc
configure:1079: checking whether the C compiler (gcc  ) works
configure:1095: gcc -o conftest    conftest.c  1>&5
configure:1121: checking whether the C compiler (gcc  ) is a cross-compiler
configure:1126: checking whether we are using GNU C
configure:1154: checking whether gcc accepts -g
configure:1188: checking for ranlib
configure:1227: checking for a BSD compatible install
configure:1280: checking whether make sets ${MAKE}
configure:1318: checking for Cygwin environment
configure:1351: checking for mingw32 environment
configure:1380: checking how to run the C preprocessor
configure:1535: checking host system type
configure:1556: checking build system type
configure:1585: checking for ld used by GCC
configure:1653: checking if the linker (/usr/bin/ld) is GNU ld
configure:1670: checking for /usr/bin/ld option to reload object files
configure:1682: checking for BSD-compatible nm
configure:1720: checking whether ln -s works
configure:1741: checking how to recognise dependant libraries
configure:1924: checking for object suffix
configure:1950: checking for executable suffix
configure:1991: checking command to parse /usr/bin/nm -B output
configure:2174: checking for dlfcn.h
configure:2352: checking for ranlib
configure:2419: checking for strip
configure:2662: checking for objdir
configure:2689: checking for gcc option to produce PIC
configure:2841: checking if gcc PIC flag   -fPIC works
configure:2907: checking if gcc static flag -static works
configure:2949: checking if gcc supports -c -o file.o
configure:2997: checking if gcc supports -c -o file.lo
configure:3065: checking if gcc supports -fno-rtti -fno-exceptions
configure:3078: gcc -c -g -O2 -fno-rtti -fno-exceptions -c conftest.c  conftest.c 1>&5
configure:3105: checking whether the linker (/usr/bin/ld) supports shared libraries
configure:3789: checking how to hardcode library paths into programs
configure:3817: checking whether stripping libraries is possible
configure:3831: checking dynamic linker characteristics
configure:4228: checking if libtool supports shared libraries
configure:4232: checking whether to build shared libraries
configure:4255: checking whether to build static libraries
configure:4791: checking whether -lc should be explicitly linked in
configure:5395: checking for ANSI C header files
configure:5502: checking for malloc.h
configure:5542: checking for include/P_global.h
configure:5584: checking for X
configure:5898: checking for dnet_ntoa in -ldnet
configure:5939: checking for dnet_ntoa in -ldnet_stub
configure:5987: checking for gethostbyname
configure:6085: checking for connect
configure:6177: checking for remove
configure:6269: checking for shmat
configure:6370: checking for IceConnectionNumber in -lICE
configure:6415: checking for working const
configure:6490: checking for size_t
configure:6524: checking for vprintf
configure:6631: checking for strerror
